Flow report for flappybird21
<<<<<<< HEAD
Mon May 27 02:57:14 2024
Quartus Prime Version 23.1std.0 Build 991 11/28/2023 SC Standard Edition
=======
Sun May 26 17:51:21 2024
Quartus Prime Version 18.1.0 Build 625 09/12/2018 SJ Standard Edition
>>>>>>> 575764bd812c766414a2f0f66cce07d4ea17232f


---------------------
; Table of Contents ;
---------------------
  1. Legal Notice
  2. Flow Summary
  3. Flow Settings
  4. Flow Non-Default Global Settings
  5. Flow Elapsed Time
  6. Flow OS Summary
  7. Flow Log
  8. Flow Messages
  9. Flow Suppressed Messages



----------------
; Legal Notice ;
----------------
Copyright (C) 2023  Intel Corporation. All rights reserved.
Your use of Intel Corporation's design tools, logic functions 
and other software and tools, and any partner logic 
functions, and any output files from any of the foregoing 
(including device programming or simulation files), and any 
associated documentation or information are expressly subject 
to the terms and conditions of the Intel Program License 
Subscription Agreement, the Intel Quartus Prime License Agreement,
the Intel FPGA IP License Agreement, or other applicable license
agreement, including, without limitation, that your use is for
the sole purpose of programming logic devices manufactured by
Intel and sold by Intel or its authorized distributors.  Please
refer to the applicable agreement for further details, at
https://fpgasoftware.intel.com/eula.



<<<<<<< HEAD
+--------------------------------------------------------------------------------------+
; Flow Summary                                                                         ;
+---------------------------------+----------------------------------------------------+
; Flow Status                     ; Successful - Mon May 27 02:57:07 2024              ;
; Quartus Prime Version           ; 23.1std.0 Build 991 11/28/2023 SC Standard Edition ;
; Revision Name                   ; flappybird21                                       ;
; Top-level Entity Name           ; flappybird21block                                  ;
; Family                          ; Cyclone V                                          ;
; Device                          ; 5CEBA4F23C7                                        ;
; Timing Models                   ; Final                                              ;
; Logic utilization (in ALMs)     ; 1,326 / 18,480 ( 7 % )                             ;
; Total registers                 ; 661                                                ;
; Total pins                      ; 44 / 224 ( 20 % )                                  ;
; Total virtual pins              ; 0                                                  ;
; Total block memory bits         ; 283,648 / 3,153,920 ( 9 % )                        ;
; Total DSP Blocks                ; 1 / 66 ( 2 % )                                     ;
; Total HSSI RX PCSs              ; 0                                                  ;
; Total HSSI PMA RX Deserializers ; 0                                                  ;
; Total HSSI TX PCSs              ; 0                                                  ;
; Total HSSI PMA TX Serializers   ; 0                                                  ;
; Total PLLs                      ; 1 / 4 ( 25 % )                                     ;
; Total DLLs                      ; 0 / 4 ( 0 % )                                      ;
+---------------------------------+----------------------------------------------------+
=======
+-----------------------------------------------------------------------------------+
; Flow Summary                                                                      ;
+---------------------------------+-------------------------------------------------+
; Flow Status                     ; Successful - Sun May 26 17:51:14 2024           ;
; Quartus Prime Version           ; 18.1.0 Build 625 09/12/2018 SJ Standard Edition ;
; Revision Name                   ; flappybird21                                    ;
; Top-level Entity Name           ; flappybird21block                               ;
; Family                          ; Cyclone V                                       ;
; Device                          ; 5CEBA4F23C7                                     ;
; Timing Models                   ; Final                                           ;
; Logic utilization (in ALMs)     ; 1,265 / 18,480 ( 7 % )                          ;
; Total registers                 ; 666                                             ;
; Total pins                      ; 43 / 224 ( 19 % )                               ;
; Total virtual pins              ; 0                                               ;
; Total block memory bits         ; 302,080 / 3,153,920 ( 10 % )                    ;
; Total DSP Blocks                ; 1 / 66 ( 2 % )                                  ;
; Total HSSI RX PCSs              ; 0                                               ;
; Total HSSI PMA RX Deserializers ; 0                                               ;
; Total HSSI TX PCSs              ; 0                                               ;
; Total HSSI PMA TX Serializers   ; 0                                               ;
; Total PLLs                      ; 1 / 4 ( 25 % )                                  ;
; Total DLLs                      ; 0 / 4 ( 0 % )                                   ;
+---------------------------------+-------------------------------------------------+
>>>>>>> 575764bd812c766414a2f0f66cce07d4ea17232f


+-----------------------------------------+
; Flow Settings                           ;
+-------------------+---------------------+
; Option            ; Setting             ;
+-------------------+---------------------+
<<<<<<< HEAD
; Start date & time ; 05/27/2024 02:55:01 ;
=======
; Start date & time ; 05/26/2024 17:48:54 ;
>>>>>>> 575764bd812c766414a2f0f66cce07d4ea17232f
; Main task         ; Compilation         ;
; Revision Name     ; flappybird21        ;
+-------------------+---------------------+


+-------------------------------------------------------------------------------------------------------------------------------+
; Flow Non-Default Global Settings                                                                                              ;
+-------------------------------------+----------------------------------------+---------------+-------------------+------------+
; Assignment Name                     ; Value                                  ; Default Value ; Entity Name       ; Section Id ;
+-------------------------------------+----------------------------------------+---------------+-------------------+------------+
<<<<<<< HEAD
; COMPILER_SIGNATURE_ID               ; 277302812296675.171673530107536        ; --            ; --                ; --         ;
=======
; COMPILER_SIGNATURE_ID               ; 224948461112945.171670253423816        ; --            ; --                ; --         ;
>>>>>>> 575764bd812c766414a2f0f66cce07d4ea17232f
; MAX_CORE_JUNCTION_TEMP              ; 85                                     ; --            ; --                ; --         ;
; MIN_CORE_JUNCTION_TEMP              ; 0                                      ; --            ; --                ; --         ;
; MISC_FILE                           ; pll.cmp                                ; --            ; --                ; --         ;
; MISC_FILE                           ; pll_sim/pll.vho                        ; --            ; --                ; --         ;
; PARTITION_COLOR                     ; -- (Not supported for targeted family) ; --            ; DE0_CV_Default    ; Top        ;
; PARTITION_COLOR                     ; -- (Not supported for targeted family) ; --            ; flappybird21block ; Top        ;
; PARTITION_FITTER_PRESERVATION_LEVEL ; -- (Not supported for targeted family) ; --            ; DE0_CV_Default    ; Top        ;
; PARTITION_FITTER_PRESERVATION_LEVEL ; -- (Not supported for targeted family) ; --            ; flappybird21block ; Top        ;
; PARTITION_NETLIST_TYPE              ; -- (Not supported for targeted family) ; --            ; DE0_CV_Default    ; Top        ;
; PARTITION_NETLIST_TYPE              ; -- (Not supported for targeted family) ; --            ; flappybird21block ; Top        ;
; POWER_BOARD_THERMAL_MODEL           ; None (CONSERVATIVE)                    ; --            ; --                ; --         ;
; POWER_PRESET_COOLING_SOLUTION       ; 23 MM HEAT SINK WITH 200 LFPM AIRFLOW  ; --            ; --                ; --         ;
; PROJECT_OUTPUT_DIRECTORY            ; output_files                           ; --            ; --                ; --         ;
; SPD_FILE                            ; pll.spd                                ; --            ; --                ; --         ;
; SYNTHESIS_ONLY_QIP                  ; On                                     ; --            ; --                ; --         ;
; TOP_LEVEL_ENTITY                    ; flappybird21block                      ; flappybird21  ; --                ; --         ;
+-------------------------------------+----------------------------------------+---------------+-------------------+------------+


+--------------------------------------------------------------------------------------------------------------------------+
; Flow Elapsed Time                                                                                                        ;
+----------------------+--------------+-------------------------+---------------------+------------------------------------+
; Module Name          ; Elapsed Time ; Average Processors Used ; Peak Virtual Memory ; Total CPU Time (on all processors) ;
+----------------------+--------------+-------------------------+---------------------+------------------------------------+
<<<<<<< HEAD
; Analysis & Synthesis ; 00:00:11     ; 1.0                     ; 4940 MB             ; 00:00:17                           ;
; Fitter               ; 00:01:51     ; 1.1                     ; 6572 MB             ; 00:04:46                           ;
; Assembler            ; 00:00:02     ; 1.0                     ; 4873 MB             ; 00:00:03                           ;
; Timing Analyzer      ; 00:00:06     ; 1.9                     ; 5180 MB             ; 00:00:11                           ;
; Total                ; 00:02:10     ; --                      ; --                  ; 00:05:17                           ;
=======
; Analysis & Synthesis ; 00:00:08     ; 1.0                     ; 5005 MB             ; 00:00:05                           ;
; Fitter               ; 00:02:07     ; 1.1                     ; 7709 MB             ; 00:01:08                           ;
; Assembler            ; 00:00:02     ; 1.0                     ; 4854 MB             ; 00:00:02                           ;
; Timing Analyzer      ; 00:00:06     ; 2.3                     ; 5305 MB             ; 00:00:07                           ;
; Total                ; 00:02:23     ; --                      ; --                  ; 00:01:22                           ;
>>>>>>> 575764bd812c766414a2f0f66cce07d4ea17232f
+----------------------+--------------+-------------------------+---------------------+------------------------------------+


+------------------------------------------------------------------------------------+
; Flow OS Summary                                                                    ;
+----------------------+------------------+------------+------------+----------------+
; Module Name          ; Machine Hostname ; OS Name    ; OS Version ; Processor type ;
+----------------------+------------------+------------+------------+----------------+
<<<<<<< HEAD
; Analysis & Synthesis ; DESKTOP-33HLO2D  ; Windows 10 ; 10.0       ; x86_64         ;
; Fitter               ; DESKTOP-33HLO2D  ; Windows 10 ; 10.0       ; x86_64         ;
; Assembler            ; DESKTOP-33HLO2D  ; Windows 10 ; 10.0       ; x86_64         ;
; Timing Analyzer      ; DESKTOP-33HLO2D  ; Windows 10 ; 10.0       ; x86_64         ;
=======
; Analysis & Synthesis ; EN441327         ; Windows 10 ; 10.0       ; x86_64         ;
; Fitter               ; EN441327         ; Windows 10 ; 10.0       ; x86_64         ;
; Assembler            ; EN441327         ; Windows 10 ; 10.0       ; x86_64         ;
; Timing Analyzer      ; EN441327         ; Windows 10 ; 10.0       ; x86_64         ;
>>>>>>> 575764bd812c766414a2f0f66cce07d4ea17232f
+----------------------+------------------+------------+------------+----------------+


------------
; Flow Log ;
------------
quartus_map --read_settings_files=on --write_settings_files=off flappybird21 -c flappybird21
quartus_fit --read_settings_files=off --write_settings_files=off flappybird21 -c flappybird21
quartus_asm --read_settings_files=off --write_settings_files=off flappybird21 -c flappybird21
quartus_sta flappybird21 -c flappybird21



